  robot.cpp
C:\Users\Ramsomware\Desktop\My Projects\Assignement (Robot)\Assignement (Robot)\robot.cpp(84,44): warning C4305: 'initializing': truncation from 'double' to 'float'
C:\Users\Ramsomware\Desktop\My Projects\Assignement (Robot)\Assignement (Robot)\robot.cpp(172,9): warning C4244: '=': conversion from 'double' to 'int', possible loss of data
C:\Users\Ramsomware\Desktop\My Projects\Assignement (Robot)\Assignement (Robot)\robot.cpp(283,12): warning C4305: '=': truncation from 'double' to 'float'
C:\Users\Ramsomware\Desktop\My Projects\Assignement (Robot)\Assignement (Robot)\robot.cpp(289,12): warning C4305: '=': truncation from 'double' to 'float'
C:\Users\Ramsomware\Desktop\My Projects\Assignement (Robot)\Assignement (Robot)\robot.cpp(290,12): warning C4305: '=': truncation from 'double' to 'float'
C:\Users\Ramsomware\Desktop\My Projects\Assignement (Robot)\Assignement (Robot)\robot.cpp(476,44): warning C4305: '+=': truncation from 'double' to 'float'
C:\Users\Ramsomware\Desktop\My Projects\Assignement (Robot)\Assignement (Robot)\robot.cpp(478,10): warning C4244: '=': conversion from 'double' to 'float', possible loss of data
C:\Users\Ramsomware\Desktop\My Projects\Assignement (Robot)\Assignement (Robot)\robot.cpp(479,10): warning C4244: '=': conversion from 'double' to 'float', possible loss of data
C:\Users\Ramsomware\Desktop\My Projects\Assignement (Robot)\Assignement (Robot)\robot.cpp(768,29): warning C4305: 'argument': truncation from 'double' to 'GLfloat'
C:\Users\Ramsomware\Desktop\My Projects\Assignement (Robot)\Assignement (Robot)\robot.cpp(770,29): warning C4305: 'argument': truncation from 'double' to 'GLfloat'
C:\Users\Ramsomware\Desktop\My Projects\Assignement (Robot)\Assignement (Robot)\robot.cpp(825,21): warning C4305: 'argument': truncation from 'double' to 'GLfloat'
C:\Users\Ramsomware\Desktop\My Projects\Assignement (Robot)\Assignement (Robot)\robot.cpp(827,21): warning C4305: 'argument': truncation from 'double' to 'GLfloat'
C:\Users\Ramsomware\Desktop\My Projects\Assignement (Robot)\Assignement (Robot)\robot.cpp(833,21): warning C4305: 'argument': truncation from 'double' to 'GLfloat'
C:\Users\Ramsomware\Desktop\My Projects\Assignement (Robot)\Assignement (Robot)\robot.cpp(842,21): warning C4305: 'argument': truncation from 'double' to 'GLfloat'
C:\Users\Ramsomware\Desktop\My Projects\Assignement (Robot)\Assignement (Robot)\robot.cpp(844,21): warning C4305: 'argument': truncation from 'double' to 'GLfloat'
C:\Users\Ramsomware\Desktop\My Projects\Assignement (Robot)\Assignement (Robot)\robot.cpp(850,21): warning C4305: 'argument': truncation from 'double' to 'GLfloat'
C:\Users\Ramsomware\Desktop\My Projects\Assignement (Robot)\Assignement (Robot)\robot.cpp(890,21): warning C4305: 'argument': truncation from 'double' to 'GLfloat'
C:\Users\Ramsomware\Desktop\My Projects\Assignement (Robot)\Assignement (Robot)\robot.cpp(896,21): warning C4305: 'argument': truncation from 'double' to 'GLfloat'
C:\Users\Ramsomware\Desktop\My Projects\Assignement (Robot)\Assignement (Robot)\robot.cpp(905,21): warning C4305: 'argument': truncation from 'double' to 'GLfloat'
C:\Users\Ramsomware\Desktop\My Projects\Assignement (Robot)\Assignement (Robot)\robot.cpp(911,21): warning C4305: 'argument': truncation from 'double' to 'GLfloat'
C:\Users\Ramsomware\Desktop\My Projects\Assignement (Robot)\Assignement (Robot)\robot.cpp(958,27): warning C4305: 'argument': truncation from 'double' to 'GLfloat'
C:\Users\Ramsomware\Desktop\My Projects\Assignement (Robot)\Assignement (Robot)\robot.cpp(959,27): warning C4305: 'argument': truncation from 'double' to 'GLfloat'
C:\Users\Ramsomware\Desktop\My Projects\Assignement (Robot)\Assignement (Robot)\robot.cpp(965,27): warning C4305: 'argument': truncation from 'double' to 'GLfloat'
C:\Users\Ramsomware\Desktop\My Projects\Assignement (Robot)\Assignement (Robot)\robot.cpp(966,27): warning C4305: 'argument': truncation from 'double' to 'GLfloat'
C:\Users\Ramsomware\Desktop\My Projects\Assignement (Robot)\Assignement (Robot)\robot.cpp(972,27): warning C4305: 'argument': truncation from 'double' to 'GLfloat'
C:\Users\Ramsomware\Desktop\My Projects\Assignement (Robot)\Assignement (Robot)\robot.cpp(973,27): warning C4305: 'argument': truncation from 'double' to 'GLfloat'
C:\Users\Ramsomware\Desktop\My Projects\Assignement (Robot)\Assignement (Robot)\robot.cpp(979,27): warning C4305: 'argument': truncation from 'double' to 'GLfloat'
C:\Users\Ramsomware\Desktop\My Projects\Assignement (Robot)\Assignement (Robot)\robot.cpp(980,27): warning C4305: 'argument': truncation from 'double' to 'GLfloat'
C:\Users\Ramsomware\Desktop\My Projects\Assignement (Robot)\Assignement (Robot)\robot.cpp(986,25): warning C4305: 'argument': truncation from 'double' to 'GLfloat'
C:\Users\Ramsomware\Desktop\My Projects\Assignement (Robot)\Assignement (Robot)\robot.cpp(987,25): warning C4305: 'argument': truncation from 'double' to 'GLfloat'
C:\Users\Ramsomware\Desktop\My Projects\Assignement (Robot)\Assignement (Robot)\robot.cpp(993,25): warning C4305: 'argument': truncation from 'double' to 'GLfloat'
C:\Users\Ramsomware\Desktop\My Projects\Assignement (Robot)\Assignement (Robot)\robot.cpp(994,25): warning C4305: 'argument': truncation from 'double' to 'GLfloat'
C:\Users\Ramsomware\Desktop\My Projects\Assignement (Robot)\Assignement (Robot)\robot.cpp(1000,25): warning C4305: 'argument': truncation from 'double' to 'GLfloat'
C:\Users\Ramsomware\Desktop\My Projects\Assignement (Robot)\Assignement (Robot)\robot.cpp(1001,25): warning C4305: 'argument': truncation from 'double' to 'GLfloat'
C:\Users\Ramsomware\Desktop\My Projects\Assignement (Robot)\Assignement (Robot)\robot.cpp(1007,25): warning C4305: 'argument': truncation from 'double' to 'GLfloat'
C:\Users\Ramsomware\Desktop\My Projects\Assignement (Robot)\Assignement (Robot)\robot.cpp(1008,25): warning C4305: 'argument': truncation from 'double' to 'GLfloat'
C:\Users\Ramsomware\Desktop\My Projects\Assignement (Robot)\Assignement (Robot)\robot.cpp(1015,25): warning C4305: 'argument': truncation from 'double' to 'GLfloat'
C:\Users\Ramsomware\Desktop\My Projects\Assignement (Robot)\Assignement (Robot)\robot.cpp(1021,26): warning C4305: 'argument': truncation from 'double' to 'GLfloat'
C:\Users\Ramsomware\Desktop\My Projects\Assignement (Robot)\Assignement (Robot)\robot.cpp(1022,25): warning C4305: 'argument': truncation from 'double' to 'GLfloat'
C:\Users\Ramsomware\Desktop\My Projects\Assignement (Robot)\Assignement (Robot)\robot.cpp(1094,28): warning C4305: 'argument': truncation from 'double' to 'GLfloat'
C:\Users\Ramsomware\Desktop\My Projects\Assignement (Robot)\Assignement (Robot)\robot.cpp(1095,25): warning C4305: 'argument': truncation from 'double' to 'float'
C:\Users\Ramsomware\Desktop\My Projects\Assignement (Robot)\Assignement (Robot)\robot.cpp(1101,28): warning C4305: 'argument': truncation from 'double' to 'GLfloat'
C:\Users\Ramsomware\Desktop\My Projects\Assignement (Robot)\Assignement (Robot)\robot.cpp(1102,25): warning C4305: 'argument': truncation from 'double' to 'float'
C:\Users\Ramsomware\Desktop\My Projects\Assignement (Robot)\Assignement (Robot)\robot.cpp(1107,30): warning C4305: 'argument': truncation from 'double' to 'GLfloat'
C:\Users\Ramsomware\Desktop\My Projects\Assignement (Robot)\Assignement (Robot)\robot.cpp(1108,25): warning C4305: 'argument': truncation from 'double' to 'float'
C:\Users\Ramsomware\Desktop\My Projects\Assignement (Robot)\Assignement (Robot)\robot.cpp(1113,30): warning C4305: 'argument': truncation from 'double' to 'GLfloat'
C:\Users\Ramsomware\Desktop\My Projects\Assignement (Robot)\Assignement (Robot)\robot.cpp(1114,25): warning C4305: 'argument': truncation from 'double' to 'float'
C:\Users\Ramsomware\Desktop\My Projects\Assignement (Robot)\Assignement (Robot)\robot.cpp(1119,27): warning C4305: 'argument': truncation from 'double' to 'GLfloat'
C:\Users\Ramsomware\Desktop\My Projects\Assignement (Robot)\Assignement (Robot)\robot.cpp(1120,25): warning C4305: 'argument': truncation from 'double' to 'float'
C:\Users\Ramsomware\Desktop\My Projects\Assignement (Robot)\Assignement (Robot)\robot.cpp(1125,27): warning C4305: 'argument': truncation from 'double' to 'GLfloat'
C:\Users\Ramsomware\Desktop\My Projects\Assignement (Robot)\Assignement (Robot)\robot.cpp(1126,25): warning C4305: 'argument': truncation from 'double' to 'float'
C:\Users\Ramsomware\Desktop\My Projects\Assignement (Robot)\Assignement (Robot)\robot.cpp(1132,28): warning C4305: 'argument': truncation from 'double' to 'GLfloat'
C:\Users\Ramsomware\Desktop\My Projects\Assignement (Robot)\Assignement (Robot)\robot.cpp(1133,25): warning C4305: 'argument': truncation from 'double' to 'float'
C:\Users\Ramsomware\Desktop\My Projects\Assignement (Robot)\Assignement (Robot)\robot.cpp(1137,28): warning C4305: 'argument': truncation from 'double' to 'GLfloat'
C:\Users\Ramsomware\Desktop\My Projects\Assignement (Robot)\Assignement (Robot)\robot.cpp(1138,25): warning C4305: 'argument': truncation from 'double' to 'float'
C:\Users\Ramsomware\Desktop\My Projects\Assignement (Robot)\Assignement (Robot)\robot.cpp(1143,30): warning C4305: 'argument': truncation from 'double' to 'GLfloat'
C:\Users\Ramsomware\Desktop\My Projects\Assignement (Robot)\Assignement (Robot)\robot.cpp(1144,25): warning C4305: 'argument': truncation from 'double' to 'float'
C:\Users\Ramsomware\Desktop\My Projects\Assignement (Robot)\Assignement (Robot)\robot.cpp(1149,30): warning C4305: 'argument': truncation from 'double' to 'GLfloat'
C:\Users\Ramsomware\Desktop\My Projects\Assignement (Robot)\Assignement (Robot)\robot.cpp(1150,25): warning C4305: 'argument': truncation from 'double' to 'float'
C:\Users\Ramsomware\Desktop\My Projects\Assignement (Robot)\Assignement (Robot)\robot.cpp(1155,27): warning C4305: 'argument': truncation from 'double' to 'GLfloat'
C:\Users\Ramsomware\Desktop\My Projects\Assignement (Robot)\Assignement (Robot)\robot.cpp(1156,25): warning C4305: 'argument': truncation from 'double' to 'float'
C:\Users\Ramsomware\Desktop\My Projects\Assignement (Robot)\Assignement (Robot)\robot.cpp(1161,27): warning C4305: 'argument': truncation from 'double' to 'GLfloat'
C:\Users\Ramsomware\Desktop\My Projects\Assignement (Robot)\Assignement (Robot)\robot.cpp(1162,25): warning C4305: 'argument': truncation from 'double' to 'float'
C:\Users\Ramsomware\Desktop\My Projects\Assignement (Robot)\Assignement (Robot)\robot.cpp(1171,28): warning C4305: 'argument': truncation from 'double' to 'GLfloat'
C:\Users\Ramsomware\Desktop\My Projects\Assignement (Robot)\Assignement (Robot)\robot.cpp(1172,25): warning C4305: 'argument': truncation from 'double' to 'float'
C:\Users\Ramsomware\Desktop\My Projects\Assignement (Robot)\Assignement (Robot)\robot.cpp(1178,28): warning C4305: 'argument': truncation from 'double' to 'GLfloat'
C:\Users\Ramsomware\Desktop\My Projects\Assignement (Robot)\Assignement (Robot)\robot.cpp(1179,25): warning C4305: 'argument': truncation from 'double' to 'float'
C:\Users\Ramsomware\Desktop\My Projects\Assignement (Robot)\Assignement (Robot)\robot.cpp(1184,30): warning C4305: 'argument': truncation from 'double' to 'GLfloat'
C:\Users\Ramsomware\Desktop\My Projects\Assignement (Robot)\Assignement (Robot)\robot.cpp(1185,25): warning C4305: 'argument': truncation from 'double' to 'float'
C:\Users\Ramsomware\Desktop\My Projects\Assignement (Robot)\Assignement (Robot)\robot.cpp(1190,30): warning C4305: 'argument': truncation from 'double' to 'GLfloat'
C:\Users\Ramsomware\Desktop\My Projects\Assignement (Robot)\Assignement (Robot)\robot.cpp(1191,25): warning C4305: 'argument': truncation from 'double' to 'float'
C:\Users\Ramsomware\Desktop\My Projects\Assignement (Robot)\Assignement (Robot)\robot.cpp(1196,27): warning C4305: 'argument': truncation from 'double' to 'GLfloat'
C:\Users\Ramsomware\Desktop\My Projects\Assignement (Robot)\Assignement (Robot)\robot.cpp(1197,25): warning C4305: 'argument': truncation from 'double' to 'float'
C:\Users\Ramsomware\Desktop\My Projects\Assignement (Robot)\Assignement (Robot)\robot.cpp(1202,27): warning C4305: 'argument': truncation from 'double' to 'GLfloat'
C:\Users\Ramsomware\Desktop\My Projects\Assignement (Robot)\Assignement (Robot)\robot.cpp(1203,25): warning C4305: 'argument': truncation from 'double' to 'float'
C:\Users\Ramsomware\Desktop\My Projects\Assignement (Robot)\Assignement (Robot)\robot.cpp(1209,28): warning C4305: 'argument': truncation from 'double' to 'GLfloat'
C:\Users\Ramsomware\Desktop\My Projects\Assignement (Robot)\Assignement (Robot)\robot.cpp(1210,25): warning C4305: 'argument': truncation from 'double' to 'float'
C:\Users\Ramsomware\Desktop\My Projects\Assignement (Robot)\Assignement (Robot)\robot.cpp(1214,28): warning C4305: 'argument': truncation from 'double' to 'GLfloat'
C:\Users\Ramsomware\Desktop\My Projects\Assignement (Robot)\Assignement (Robot)\robot.cpp(1215,25): warning C4305: 'argument': truncation from 'double' to 'float'
C:\Users\Ramsomware\Desktop\My Projects\Assignement (Robot)\Assignement (Robot)\robot.cpp(1220,30): warning C4305: 'argument': truncation from 'double' to 'GLfloat'
C:\Users\Ramsomware\Desktop\My Projects\Assignement (Robot)\Assignement (Robot)\robot.cpp(1221,25): warning C4305: 'argument': truncation from 'double' to 'float'
C:\Users\Ramsomware\Desktop\My Projects\Assignement (Robot)\Assignement (Robot)\robot.cpp(1226,30): warning C4305: 'argument': truncation from 'double' to 'GLfloat'
C:\Users\Ramsomware\Desktop\My Projects\Assignement (Robot)\Assignement (Robot)\robot.cpp(1227,25): warning C4305: 'argument': truncation from 'double' to 'float'
C:\Users\Ramsomware\Desktop\My Projects\Assignement (Robot)\Assignement (Robot)\robot.cpp(1232,27): warning C4305: 'argument': truncation from 'double' to 'GLfloat'
C:\Users\Ramsomware\Desktop\My Projects\Assignement (Robot)\Assignement (Robot)\robot.cpp(1233,25): warning C4305: 'argument': truncation from 'double' to 'float'
C:\Users\Ramsomware\Desktop\My Projects\Assignement (Robot)\Assignement (Robot)\robot.cpp(1238,27): warning C4305: 'argument': truncation from 'double' to 'GLfloat'
C:\Users\Ramsomware\Desktop\My Projects\Assignement (Robot)\Assignement (Robot)\robot.cpp(1239,25): warning C4305: 'argument': truncation from 'double' to 'float'
C:\Users\Ramsomware\Desktop\My Projects\Assignement (Robot)\Assignement (Robot)\robot.cpp(1264,20): warning C4305: 'argument': truncation from 'double' to 'GLfloat'
C:\Users\Ramsomware\Desktop\My Projects\Assignement (Robot)\Assignement (Robot)\robot.cpp(1280,20): warning C4305: 'argument': truncation from 'double' to 'GLfloat'
C:\Users\Ramsomware\Desktop\My Projects\Assignement (Robot)\Assignement (Robot)\robot.cpp(1295,20): warning C4305: 'argument': truncation from 'double' to 'GLfloat'
C:\Users\Ramsomware\Desktop\My Projects\Assignement (Robot)\Assignement (Robot)\robot.cpp(1310,20): warning C4305: 'argument': truncation from 'double' to 'GLfloat'
C:\Users\Ramsomware\Desktop\My Projects\Assignement (Robot)\Assignement (Robot)\robot.cpp(1438,21): warning C4305: 'argument': truncation from 'double' to 'GLfloat'
C:\Users\Ramsomware\Desktop\My Projects\Assignement (Robot)\Assignement (Robot)\robot.cpp(1440,21): warning C4305: 'argument': truncation from 'double' to 'GLfloat'
C:\Users\Ramsomware\Desktop\My Projects\Assignement (Robot)\Assignement (Robot)\robot.cpp(1513,21): warning C4305: 'argument': truncation from 'double' to 'GLfloat'
C:\Users\Ramsomware\Desktop\My Projects\Assignement (Robot)\Assignement (Robot)\robot.cpp(1515,21): warning C4305: 'argument': truncation from 'double' to 'GLfloat'
C:\Users\Ramsomware\Desktop\My Projects\Assignement (Robot)\Assignement (Robot)\robot.cpp(1524,21): warning C4305: 'argument': truncation from 'double' to 'GLfloat'
C:\Users\Ramsomware\Desktop\My Projects\Assignement (Robot)\Assignement (Robot)\robot.cpp(1526,21): warning C4305: 'argument': truncation from 'double' to 'GLfloat'
C:\Users\Ramsomware\Desktop\My Projects\Assignement (Robot)\Assignement (Robot)\robot.cpp(1541,23): warning C4305: 'argument': truncation from 'double' to 'GLfloat'
C:\Users\Ramsomware\Desktop\My Projects\Assignement (Robot)\Assignement (Robot)\robot.cpp(1543,23): warning C4305: 'argument': truncation from 'double' to 'GLfloat'
C:\Users\Ramsomware\Desktop\My Projects\Assignement (Robot)\Assignement (Robot)\robot.cpp(1556,23): warning C4305: 'argument': truncation from 'double' to 'GLfloat'
C:\Users\Ramsomware\Desktop\My Projects\Assignement (Robot)\Assignement (Robot)\robot.cpp(1558,23): warning C4305: 'argument': truncation from 'double' to 'GLfloat'
C:\Users\Ramsomware\Desktop\My Projects\Assignement (Robot)\Assignement (Robot)\robot.cpp(1586,26): warning C4305: 'argument': truncation from 'double' to 'GLfloat'
C:\Users\Ramsomware\Desktop\My Projects\Assignement (Robot)\Assignement (Robot)\robot.cpp(1587,27): warning C4305: 'argument': truncation from 'double' to 'GLfloat'
C:\Users\Ramsomware\Desktop\My Projects\Assignement (Robot)\Assignement (Robot)\robot.cpp(1711,21): warning C4305: 'argument': truncation from 'double' to 'GLfloat'
C:\Users\Ramsomware\Desktop\My Projects\Assignement (Robot)\Assignement (Robot)\robot.cpp(1744,21): warning C4305: 'argument': truncation from 'double' to 'GLfloat'
C:\Users\Ramsomware\Desktop\My Projects\Assignement (Robot)\Assignement (Robot)\robot.cpp(1800,27): warning C4305: 'argument': truncation from 'double' to 'GLfloat'
C:\Users\Ramsomware\Desktop\My Projects\Assignement (Robot)\Assignement (Robot)\robot.cpp(1807,29): warning C4305: 'argument': truncation from 'double' to 'GLfloat'
C:\Users\Ramsomware\Desktop\My Projects\Assignement (Robot)\Assignement (Robot)\robot.cpp(1813,29): warning C4305: 'argument': truncation from 'double' to 'GLfloat'
C:\Users\Ramsomware\Desktop\My Projects\Assignement (Robot)\Assignement (Robot)\robot.cpp(1819,29): warning C4305: 'argument': truncation from 'double' to 'GLfloat'
C:\Users\Ramsomware\Desktop\My Projects\Assignement (Robot)\Assignement (Robot)\robot.cpp(1825,28): warning C4305: 'argument': truncation from 'double' to 'GLfloat'
C:\Users\Ramsomware\Desktop\My Projects\Assignement (Robot)\Assignement (Robot)\robot.cpp(1830,26): warning C4305: 'argument': truncation from 'double' to 'GLfloat'
C:\Users\Ramsomware\Desktop\My Projects\Assignement (Robot)\Assignement (Robot)\robot.cpp(1835,27): warning C4305: 'argument': truncation from 'double' to 'GLfloat'
C:\Users\Ramsomware\Desktop\My Projects\Assignement (Robot)\Assignement (Robot)\robot.cpp(1847,20): warning C4305: 'argument': truncation from 'double' to 'GLfloat'
C:\Users\Ramsomware\Desktop\My Projects\Assignement (Robot)\Assignement (Robot)\robot.cpp(1848,24): warning C4305: 'argument': truncation from 'double' to 'GLfloat'
C:\Users\Ramsomware\Desktop\My Projects\Assignement (Robot)\Assignement (Robot)\robot.cpp(1887,15): warning C4244: 'argument': conversion from 'int' to 'GLfloat', possible loss of data
C:\Users\Ramsomware\Desktop\My Projects\Assignement (Robot)\Assignement (Robot)\robot.cpp(1888,12): warning C4244: 'argument': conversion from 'int' to 'GLfloat', possible loss of data
C:\Users\Ramsomware\Desktop\My Projects\Assignement (Robot)\Assignement (Robot)\robot.cpp(1889,12): warning C4244: 'argument': conversion from 'int' to 'GLfloat', possible loss of data
C:\Users\Ramsomware\Desktop\My Projects\Assignement (Robot)\Assignement (Robot)\robot.cpp(1906,22): warning C4305: 'argument': truncation from 'double' to 'GLfloat'
C:\Users\Ramsomware\Desktop\My Projects\Assignement (Robot)\Assignement (Robot)\robot.cpp(1915,22): warning C4305: 'argument': truncation from 'double' to 'GLfloat'
C:\Users\Ramsomware\Desktop\My Projects\Assignement (Robot)\Assignement (Robot)\robot.cpp(1916,20): warning C4305: 'argument': truncation from 'double' to 'GLfloat'
C:\Users\Ramsomware\Desktop\My Projects\Assignement (Robot)\Assignement (Robot)\robot.cpp(1917,21): warning C4305: 'argument': truncation from 'double' to 'GLfloat'
C:\Users\Ramsomware\Desktop\My Projects\Assignement (Robot)\Assignement (Robot)\robot.cpp(1918,21): warning C4305: 'argument': truncation from 'double' to 'GLfloat'
C:\Users\Ramsomware\Desktop\My Projects\Assignement (Robot)\Assignement (Robot)\robot.cpp(1919,22): warning C4305: 'argument': truncation from 'double' to 'GLfloat'
C:\Users\Ramsomware\Desktop\My Projects\Assignement (Robot)\Assignement (Robot)\robot.cpp(1925,22): warning C4305: 'argument': truncation from 'double' to 'GLfloat'
C:\Users\Ramsomware\Desktop\My Projects\Assignement (Robot)\Assignement (Robot)\robot.cpp(1926,21): warning C4305: 'argument': truncation from 'double' to 'GLfloat'
C:\Users\Ramsomware\Desktop\My Projects\Assignement (Robot)\Assignement (Robot)\robot.cpp(1927,21): warning C4305: 'argument': truncation from 'double' to 'GLfloat'
C:\Users\Ramsomware\Desktop\My Projects\Assignement (Robot)\Assignement (Robot)\robot.cpp(1933,21): warning C4305: 'argument': truncation from 'double' to 'GLfloat'
C:\Users\Ramsomware\Desktop\My Projects\Assignement (Robot)\Assignement (Robot)\robot.cpp(1935,21): warning C4305: 'argument': truncation from 'double' to 'GLfloat'
C:\Users\Ramsomware\Desktop\My Projects\Assignement (Robot)\Assignement (Robot)\robot.cpp(1941,22): warning C4305: 'argument': truncation from 'double' to 'GLfloat'
C:\Users\Ramsomware\Desktop\My Projects\Assignement (Robot)\Assignement (Robot)\robot.cpp(1942,21): warning C4305: 'argument': truncation from 'double' to 'GLfloat'
C:\Users\Ramsomware\Desktop\My Projects\Assignement (Robot)\Assignement (Robot)\robot.cpp(1943,22): warning C4305: 'argument': truncation from 'double' to 'GLfloat'
C:\Users\Ramsomware\Desktop\My Projects\Assignement (Robot)\Assignement (Robot)\robot.cpp(1949,23): warning C4305: 'argument': truncation from 'double' to 'GLfloat'
C:\Users\Ramsomware\Desktop\My Projects\Assignement (Robot)\Assignement (Robot)\robot.cpp(1950,22): warning C4305: 'argument': truncation from 'double' to 'GLfloat'
C:\Users\Ramsomware\Desktop\My Projects\Assignement (Robot)\Assignement (Robot)\robot.cpp(1951,22): warning C4305: 'argument': truncation from 'double' to 'GLfloat'
C:\Users\Ramsomware\Desktop\My Projects\Assignement (Robot)\Assignement (Robot)\robot.cpp(1958,22): warning C4305: 'argument': truncation from 'double' to 'GLfloat'
C:\Users\Ramsomware\Desktop\My Projects\Assignement (Robot)\Assignement (Robot)\robot.cpp(1959,22): warning C4305: 'argument': truncation from 'double' to 'GLfloat'
C:\Users\Ramsomware\Desktop\My Projects\Assignement (Robot)\Assignement (Robot)\robot.cpp(2050,21): warning C4305: 'argument': truncation from 'double' to 'GLfloat'
C:\Users\Ramsomware\Desktop\My Projects\Assignement (Robot)\Assignement (Robot)\robot.cpp(2052,21): warning C4305: 'argument': truncation from 'double' to 'GLfloat'
C:\Users\Ramsomware\Desktop\My Projects\Assignement (Robot)\Assignement (Robot)\robot.cpp(2065,21): warning C4305: 'argument': truncation from 'double' to 'GLfloat'
C:\Users\Ramsomware\Desktop\My Projects\Assignement (Robot)\Assignement (Robot)\robot.cpp(2067,21): warning C4305: 'argument': truncation from 'double' to 'GLfloat'
C:\Users\Ramsomware\Desktop\My Projects\Assignement (Robot)\Assignement (Robot)\robot.cpp(2085,21): warning C4305: 'argument': truncation from 'double' to 'GLfloat'
C:\Users\Ramsomware\Desktop\My Projects\Assignement (Robot)\Assignement (Robot)\robot.cpp(2087,21): warning C4305: 'argument': truncation from 'double' to 'GLfloat'
C:\Users\Ramsomware\Desktop\My Projects\Assignement (Robot)\Assignement (Robot)\robot.cpp(2100,21): warning C4305: 'argument': truncation from 'double' to 'GLfloat'
C:\Users\Ramsomware\Desktop\My Projects\Assignement (Robot)\Assignement (Robot)\robot.cpp(2102,21): warning C4305: 'argument': truncation from 'double' to 'GLfloat'
C:\Users\Ramsomware\Desktop\My Projects\Assignement (Robot)\Assignement (Robot)\robot.cpp(2120,21): warning C4305: 'argument': truncation from 'double' to 'GLfloat'
C:\Users\Ramsomware\Desktop\My Projects\Assignement (Robot)\Assignement (Robot)\robot.cpp(2122,21): warning C4305: 'argument': truncation from 'double' to 'GLfloat'
C:\Users\Ramsomware\Desktop\My Projects\Assignement (Robot)\Assignement (Robot)\robot.cpp(2135,21): warning C4305: 'argument': truncation from 'double' to 'GLfloat'
C:\Users\Ramsomware\Desktop\My Projects\Assignement (Robot)\Assignement (Robot)\robot.cpp(2137,21): warning C4305: 'argument': truncation from 'double' to 'GLfloat'
C:\Users\Ramsomware\Desktop\My Projects\Assignement (Robot)\Assignement (Robot)\robot.cpp(2160,29): warning C4305: 'argument': truncation from 'double' to 'GLfloat'
C:\Users\Ramsomware\Desktop\My Projects\Assignement (Robot)\Assignement (Robot)\robot.cpp(2169,28): warning C4305: 'argument': truncation from 'double' to 'GLfloat'
C:\Users\Ramsomware\Desktop\My Projects\Assignement (Robot)\Assignement (Robot)\robot.cpp(2178,29): warning C4305: 'argument': truncation from 'double' to 'GLfloat'
C:\Users\Ramsomware\Desktop\My Projects\Assignement (Robot)\Assignement (Robot)\robot.cpp(2187,28): warning C4305: 'argument': truncation from 'double' to 'GLfloat'
C:\Users\Ramsomware\Desktop\My Projects\Assignement (Robot)\Assignement (Robot)\robot.cpp(2214,27): warning C4305: 'argument': truncation from 'double' to 'GLfloat'
C:\Users\Ramsomware\Desktop\My Projects\Assignement (Robot)\Assignement (Robot)\robot.cpp(2232,27): warning C4305: 'argument': truncation from 'double' to 'GLfloat'
C:\Users\Ramsomware\Desktop\My Projects\Assignement (Robot)\Assignement (Robot)\robot.cpp(2270,26): warning C4305: 'argument': truncation from 'double' to 'GLfloat'
C:\Users\Ramsomware\Desktop\My Projects\Assignement (Robot)\Assignement (Robot)\robot.cpp(2274,32): warning C4305: 'argument': truncation from 'double' to 'GLfloat'
C:\Users\Ramsomware\Desktop\My Projects\Assignement (Robot)\Assignement (Robot)\robot.cpp(2314,24): warning C4305: 'argument': truncation from 'double' to 'GLfloat'
C:\Users\Ramsomware\Desktop\My Projects\Assignement (Robot)\Assignement (Robot)\robot.cpp(2318,24): warning C4305: 'argument': truncation from 'double' to 'GLfloat'
C:\Users\Ramsomware\Desktop\My Projects\Assignement (Robot)\Assignement (Robot)\robot.cpp(2322,24): warning C4305: 'argument': truncation from 'double' to 'GLfloat'
C:\Users\Ramsomware\Desktop\My Projects\Assignement (Robot)\Assignement (Robot)\robot.cpp(2326,27): warning C4305: 'argument': truncation from 'double' to 'GLfloat'
C:\Users\Ramsomware\Desktop\My Projects\Assignement (Robot)\Assignement (Robot)\robot.cpp(2349,21): warning C4305: 'argument': truncation from 'double' to 'GLfloat'
C:\Users\Ramsomware\Desktop\My Projects\Assignement (Robot)\Assignement (Robot)\robot.cpp(2350,28): warning C4305: 'argument': truncation from 'double' to 'GLfloat'
C:\Users\Ramsomware\Desktop\My Projects\Assignement (Robot)\Assignement (Robot)\robot.cpp(2351,21): warning C4305: 'argument': truncation from 'double' to 'GLfloat'
C:\Users\Ramsomware\Desktop\My Projects\Assignement (Robot)\Assignement (Robot)\robot.cpp(2352,27): warning C4305: 'argument': truncation from 'double' to 'GLfloat'
C:\Users\Ramsomware\Desktop\My Projects\Assignement (Robot)\Assignement (Robot)\robot.cpp(2354,28): warning C4305: 'argument': truncation from 'double' to 'GLfloat'
C:\Users\Ramsomware\Desktop\My Projects\Assignement (Robot)\Assignement (Robot)\robot.cpp(2356,29): warning C4305: 'argument': truncation from 'double' to 'GLfloat'
C:\Users\Ramsomware\Desktop\My Projects\Assignement (Robot)\Assignement (Robot)\robot.cpp(2363,21): warning C4305: 'argument': truncation from 'double' to 'GLfloat'
C:\Users\Ramsomware\Desktop\My Projects\Assignement (Robot)\Assignement (Robot)\robot.cpp(2364,29): warning C4305: 'argument': truncation from 'double' to 'GLfloat'
C:\Users\Ramsomware\Desktop\My Projects\Assignement (Robot)\Assignement (Robot)\robot.cpp(2365,21): warning C4305: 'argument': truncation from 'double' to 'GLfloat'
C:\Users\Ramsomware\Desktop\My Projects\Assignement (Robot)\Assignement (Robot)\robot.cpp(2366,28): warning C4305: 'argument': truncation from 'double' to 'GLfloat'
C:\Users\Ramsomware\Desktop\My Projects\Assignement (Robot)\Assignement (Robot)\robot.cpp(2368,29): warning C4305: 'argument': truncation from 'double' to 'GLfloat'
C:\Users\Ramsomware\Desktop\My Projects\Assignement (Robot)\Assignement (Robot)\robot.cpp(2370,30): warning C4305: 'argument': truncation from 'double' to 'GLfloat'
C:\Users\Ramsomware\Desktop\My Projects\Assignement (Robot)\Assignement (Robot)\robot.cpp(2378,28): warning C4305: 'argument': truncation from 'double' to 'GLfloat'
C:\Users\Ramsomware\Desktop\My Projects\Assignement (Robot)\Assignement (Robot)\robot.cpp(2380,29): warning C4305: 'argument': truncation from 'double' to 'GLfloat'
C:\Users\Ramsomware\Desktop\My Projects\Assignement (Robot)\Assignement (Robot)\robot.cpp(2382,30): warning C4305: 'argument': truncation from 'double' to 'GLfloat'
C:\Users\Ramsomware\Desktop\My Projects\Assignement (Robot)\Assignement (Robot)\robot.cpp(2384,29): warning C4305: 'argument': truncation from 'double' to 'GLfloat'
C:\Users\Ramsomware\Desktop\My Projects\Assignement (Robot)\Assignement (Robot)\robot.cpp(2392,27): warning C4305: 'argument': truncation from 'double' to 'GLfloat'
C:\Users\Ramsomware\Desktop\My Projects\Assignement (Robot)\Assignement (Robot)\robot.cpp(2394,28): warning C4305: 'argument': truncation from 'double' to 'GLfloat'
C:\Users\Ramsomware\Desktop\My Projects\Assignement (Robot)\Assignement (Robot)\robot.cpp(2396,29): warning C4305: 'argument': truncation from 'double' to 'GLfloat'
C:\Users\Ramsomware\Desktop\My Projects\Assignement (Robot)\Assignement (Robot)\robot.cpp(2398,28): warning C4305: 'argument': truncation from 'double' to 'GLfloat'
C:\Users\Ramsomware\Desktop\My Projects\Assignement (Robot)\Assignement (Robot)\robot.cpp(2406,28): warning C4305: 'argument': truncation from 'double' to 'GLfloat'
C:\Users\Ramsomware\Desktop\My Projects\Assignement (Robot)\Assignement (Robot)\robot.cpp(2408,29): warning C4305: 'argument': truncation from 'double' to 'GLfloat'
C:\Users\Ramsomware\Desktop\My Projects\Assignement (Robot)\Assignement (Robot)\robot.cpp(2410,30): warning C4305: 'argument': truncation from 'double' to 'GLfloat'
C:\Users\Ramsomware\Desktop\My Projects\Assignement (Robot)\Assignement (Robot)\robot.cpp(2412,29): warning C4305: 'argument': truncation from 'double' to 'GLfloat'
C:\Users\Ramsomware\Desktop\My Projects\Assignement (Robot)\Assignement (Robot)\robot.cpp(2420,27): warning C4305: 'argument': truncation from 'double' to 'GLfloat'
C:\Users\Ramsomware\Desktop\My Projects\Assignement (Robot)\Assignement (Robot)\robot.cpp(2422,28): warning C4305: 'argument': truncation from 'double' to 'GLfloat'
C:\Users\Ramsomware\Desktop\My Projects\Assignement (Robot)\Assignement (Robot)\robot.cpp(2424,29): warning C4305: 'argument': truncation from 'double' to 'GLfloat'
C:\Users\Ramsomware\Desktop\My Projects\Assignement (Robot)\Assignement (Robot)\robot.cpp(2426,27): warning C4305: 'argument': truncation from 'double' to 'GLfloat'
C:\Users\Ramsomware\Desktop\My Projects\Assignement (Robot)\Assignement (Robot)\robot.cpp(2443,26): warning C4305: 'argument': truncation from 'double' to 'GLfloat'
C:\Users\Ramsomware\Desktop\My Projects\Assignement (Robot)\Assignement (Robot)\robot.cpp(2451,26): warning C4305: 'argument': truncation from 'double' to 'GLfloat'
C:\Users\Ramsomware\Desktop\My Projects\Assignement (Robot)\Assignement (Robot)\robot.cpp(2457,34): warning C4305: 'argument': truncation from 'double' to 'GLfloat'
C:\Users\Ramsomware\Desktop\My Projects\Assignement (Robot)\Assignement (Robot)\robot.cpp(2484,23): warning C4305: 'argument': truncation from 'double' to 'GLfloat'
C:\Users\Ramsomware\Desktop\My Projects\Assignement (Robot)\Assignement (Robot)\robot.cpp(2486,26): warning C4305: 'argument': truncation from 'double' to 'GLfloat'
C:\Users\Ramsomware\Desktop\My Projects\Assignement (Robot)\Assignement (Robot)\robot.cpp(2488,23): warning C4305: 'argument': truncation from 'double' to 'GLfloat'
C:\Users\Ramsomware\Desktop\My Projects\Assignement (Robot)\Assignement (Robot)\robot.cpp(2496,24): warning C4305: 'argument': truncation from 'double' to 'GLfloat'
C:\Users\Ramsomware\Desktop\My Projects\Assignement (Robot)\Assignement (Robot)\robot.cpp(2498,27): warning C4305: 'argument': truncation from 'double' to 'GLfloat'
C:\Users\Ramsomware\Desktop\My Projects\Assignement (Robot)\Assignement (Robot)\robot.cpp(2500,30): warning C4305: 'argument': truncation from 'double' to 'GLfloat'
C:\Users\Ramsomware\Desktop\My Projects\Assignement (Robot)\Assignement (Robot)\robot.cpp(2502,27): warning C4305: 'argument': truncation from 'double' to 'GLfloat'
C:\Users\Ramsomware\Desktop\My Projects\Assignement (Robot)\Assignement (Robot)\robot.cpp(2512,23): warning C4305: 'argument': truncation from 'double' to 'GLfloat'
C:\Users\Ramsomware\Desktop\My Projects\Assignement (Robot)\Assignement (Robot)\robot.cpp(2514,27): warning C4305: 'argument': truncation from 'double' to 'GLfloat'
C:\Users\Ramsomware\Desktop\My Projects\Assignement (Robot)\Assignement (Robot)\robot.cpp(2516,24): warning C4305: 'argument': truncation from 'double' to 'GLfloat'
C:\Users\Ramsomware\Desktop\My Projects\Assignement (Robot)\Assignement (Robot)\robot.cpp(2524,23): warning C4305: 'argument': truncation from 'double' to 'GLfloat'
C:\Users\Ramsomware\Desktop\My Projects\Assignement (Robot)\Assignement (Robot)\robot.cpp(2526,26): warning C4305: 'argument': truncation from 'double' to 'GLfloat'
C:\Users\Ramsomware\Desktop\My Projects\Assignement (Robot)\Assignement (Robot)\robot.cpp(2528,30): warning C4305: 'argument': truncation from 'double' to 'GLfloat'
C:\Users\Ramsomware\Desktop\My Projects\Assignement (Robot)\Assignement (Robot)\robot.cpp(2530,27): warning C4305: 'argument': truncation from 'double' to 'GLfloat'
C:\Users\Ramsomware\Desktop\My Projects\Assignement (Robot)\Assignement (Robot)\robot.cpp(2538,26): warning C4305: 'argument': truncation from 'double' to 'GLfloat'
C:\Users\Ramsomware\Desktop\My Projects\Assignement (Robot)\Assignement (Robot)\robot.cpp(2540,23): warning C4305: 'argument': truncation from 'double' to 'GLfloat'
C:\Users\Ramsomware\Desktop\My Projects\Assignement (Robot)\Assignement (Robot)\robot.cpp(2542,27): warning C4305: 'argument': truncation from 'double' to 'GLfloat'
C:\Users\Ramsomware\Desktop\My Projects\Assignement (Robot)\Assignement (Robot)\robot.cpp(2544,30): warning C4305: 'argument': truncation from 'double' to 'GLfloat'
C:\Users\Ramsomware\Desktop\My Projects\Assignement (Robot)\Assignement (Robot)\robot.cpp(2552,23): warning C4305: 'argument': truncation from 'double' to 'GLfloat'
C:\Users\Ramsomware\Desktop\My Projects\Assignement (Robot)\Assignement (Robot)\robot.cpp(2556,24): warning C4305: 'argument': truncation from 'double' to 'GLfloat'
C:\Users\Ramsomware\Desktop\My Projects\Assignement (Robot)\Assignement (Robot)\robot.cpp(2558,27): warning C4305: 'argument': truncation from 'double' to 'GLfloat'
C:\Users\Ramsomware\Desktop\My Projects\Assignement (Robot)\Assignement (Robot)\robot.cpp(2569,23): warning C4305: 'argument': truncation from 'double' to 'GLfloat'
C:\Users\Ramsomware\Desktop\My Projects\Assignement (Robot)\Assignement (Robot)\robot.cpp(2570,26): warning C4305: 'argument': truncation from 'double' to 'GLfloat'
C:\Users\Ramsomware\Desktop\My Projects\Assignement (Robot)\Assignement (Robot)\robot.cpp(2571,23): warning C4305: 'argument': truncation from 'double' to 'GLfloat'
C:\Users\Ramsomware\Desktop\My Projects\Assignement (Robot)\Assignement (Robot)\robot.cpp(2578,24): warning C4305: 'argument': truncation from 'double' to 'GLfloat'
C:\Users\Ramsomware\Desktop\My Projects\Assignement (Robot)\Assignement (Robot)\robot.cpp(2579,27): warning C4305: 'argument': truncation from 'double' to 'GLfloat'
C:\Users\Ramsomware\Desktop\My Projects\Assignement (Robot)\Assignement (Robot)\robot.cpp(2580,30): warning C4305: 'argument': truncation from 'double' to 'GLfloat'
C:\Users\Ramsomware\Desktop\My Projects\Assignement (Robot)\Assignement (Robot)\robot.cpp(2581,27): warning C4305: 'argument': truncation from 'double' to 'GLfloat'
C:\Users\Ramsomware\Desktop\My Projects\Assignement (Robot)\Assignement (Robot)\robot.cpp(2589,23): warning C4305: 'argument': truncation from 'double' to 'GLfloat'
C:\Users\Ramsomware\Desktop\My Projects\Assignement (Robot)\Assignement (Robot)\robot.cpp(2590,27): warning C4305: 'argument': truncation from 'double' to 'GLfloat'
C:\Users\Ramsomware\Desktop\My Projects\Assignement (Robot)\Assignement (Robot)\robot.cpp(2591,24): warning C4305: 'argument': truncation from 'double' to 'GLfloat'
C:\Users\Ramsomware\Desktop\My Projects\Assignement (Robot)\Assignement (Robot)\robot.cpp(2598,23): warning C4305: 'argument': truncation from 'double' to 'GLfloat'
C:\Users\Ramsomware\Desktop\My Projects\Assignement (Robot)\Assignement (Robot)\robot.cpp(2599,26): warning C4305: 'argument': truncation from 'double' to 'GLfloat'
C:\Users\Ramsomware\Desktop\My Projects\Assignement (Robot)\Assignement (Robot)\robot.cpp(2600,30): warning C4305: 'argument': truncation from 'double' to 'GLfloat'
C:\Users\Ramsomware\Desktop\My Projects\Assignement (Robot)\Assignement (Robot)\robot.cpp(2601,27): warning C4305: 'argument': truncation from 'double' to 'GLfloat'
C:\Users\Ramsomware\Desktop\My Projects\Assignement (Robot)\Assignement (Robot)\robot.cpp(2608,26): warning C4305: 'argument': truncation from 'double' to 'GLfloat'
C:\Users\Ramsomware\Desktop\My Projects\Assignement (Robot)\Assignement (Robot)\robot.cpp(2609,23): warning C4305: 'argument': truncation from 'double' to 'GLfloat'
C:\Users\Ramsomware\Desktop\My Projects\Assignement (Robot)\Assignement (Robot)\robot.cpp(2610,27): warning C4305: 'argument': truncation from 'double' to 'GLfloat'
C:\Users\Ramsomware\Desktop\My Projects\Assignement (Robot)\Assignement (Robot)\robot.cpp(2611,30): warning C4305: 'argument': truncation from 'double' to 'GLfloat'
C:\Users\Ramsomware\Desktop\My Projects\Assignement (Robot)\Assignement (Robot)\robot.cpp(2618,23): warning C4305: 'argument': truncation from 'double' to 'GLfloat'
C:\Users\Ramsomware\Desktop\My Projects\Assignement (Robot)\Assignement (Robot)\robot.cpp(2620,24): warning C4305: 'argument': truncation from 'double' to 'GLfloat'
C:\Users\Ramsomware\Desktop\My Projects\Assignement (Robot)\Assignement (Robot)\robot.cpp(2621,27): warning C4305: 'argument': truncation from 'double' to 'GLfloat'
C:\Users\Ramsomware\Desktop\My Projects\Assignement (Robot)\Assignement (Robot)\robot.cpp(2636,50): warning C4244: '-=': conversion from 'double' to 'float', possible loss of data
C:\Users\Ramsomware\Desktop\My Projects\Assignement (Robot)\Assignement (Robot)\robot.cpp(2647,50): warning C4244: '+=': conversion from 'double' to 'float', possible loss of data
C:\Users\Ramsomware\Desktop\My Projects\Assignement (Robot)\Assignement (Robot)\robot.cpp(2659,51): warning C4244: '+=': conversion from 'double' to 'float', possible loss of data
C:\Users\Ramsomware\Desktop\My Projects\Assignement (Robot)\Assignement (Robot)\robot.cpp(2670,51): warning C4244: '-=': conversion from 'double' to 'float', possible loss of data
C:\Users\Ramsomware\Desktop\My Projects\Assignement (Robot)\Assignement (Robot)\robot.cpp(2746,25): warning C4305: '-=': truncation from 'double' to 'float'
C:\Users\Ramsomware\Desktop\My Projects\Assignement (Robot)\Assignement (Robot)\robot.cpp(2748,25): warning C4305: '+=': truncation from 'double' to 'float'
C:\Users\Ramsomware\Desktop\My Projects\Assignement (Robot)\Assignement (Robot)\robot.cpp(2766,24): warning C4305: '+=': truncation from 'double' to 'float'
C:\Users\Ramsomware\Desktop\My Projects\Assignement (Robot)\Assignement (Robot)\robot.cpp(2775,25): warning C4305: '+=': truncation from 'double' to 'float'
C:\Users\Ramsomware\Desktop\My Projects\Assignement (Robot)\Assignement (Robot)\robot.cpp(2776,26): warning C4305: '+=': truncation from 'double' to 'float'
C:\Users\Ramsomware\Desktop\My Projects\Assignement (Robot)\Assignement (Robot)\robot.cpp(2844,21): warning C4244: 'argument': conversion from 'int' to 'GLfloat', possible loss of data
  Assignement (Robot).vcxproj -> C:\Users\Ramsomware\Desktop\My Projects\Assignement (Robot)\Debug\Assignement (Robot).exe
